<?xml version="1.0" encoding="UTF-8"?>
<!-- Generated by org.testng.reporters.JUnitXMLReporter -->
<testsuite hostname="DESKTOP-PV5T3HC" ignored="2" name="Default test" tests="1" failures="0" timestamp="14 Jul 2021 13:51:18 GMT" time="3.519" errors="0">
  <testcase name="getTheFirstStudent" time="2.834" classname="com.studentapp.tests.MyFirstTest"/>
  <testcase name="getSingleCSStudent" time="0.0" classname="com.studentapp.tests.MyFirstTest">
    <ignored/>
  </testcase> <!-- getSingleCSStudent -->
  <testcase name="getAllStudents" time="0.0" classname="com.studentapp.tests.MyFirstTest">
    <ignored/>
  </testcase> <!-- getAllStudents -->
</testsuite> <!-- Default test -->
