<?xml version="1.0" encoding="UTF-8"?>
<testng-results skipped="0" failed="0" ignored="2" total="3" passed="1">
  <reporter-output>
  </reporter-output>
  <suite name="Default suite" duration-ms="3519" started-at="2021-07-14T13:51:14Z" finished-at="2021-07-14T13:51:18Z">
    <groups>
    </groups>
    <test name="Default test" duration-ms="3519" started-at="2021-07-14T13:51:14Z" finished-at="2021-07-14T13:51:18Z">
      <class name="com.studentapp.tests.MyFirstTest">
        <test-method status="PASS" signature="init()[pri:0, instance:com.studentapp.tests.MyFirstTest@52e677af]" name="init" is-config="true" duration-ms="619" started-at="2021-07-14T13:51:15Z" finished-at="2021-07-14T13:51:15Z">
          <reporter-output>
          </reporter-output>
        </test-method> <!-- init -->
        <test-method status="PASS" signature="getTheFirstStudent()[pri:0, instance:com.studentapp.tests.MyFirstTest@52e677af]" name="getTheFirstStudent" duration-ms="2834" started-at="2021-07-14T13:51:15Z" finished-at="2021-07-14T13:51:18Z">
          <reporter-output>
          </reporter-output>
        </test-method> <!-- getTheFirstStudent -->
        <test-method status="PASS" signature="tearDown()[pri:0, instance:com.studentapp.tests.MyFirstTest@52e677af]" name="tearDown" is-config="true" duration-ms="0" started-at="2021-07-14T13:51:18Z" finished-at="2021-07-14T13:51:18Z">
          <reporter-output>
          </reporter-output>
        </test-method> <!-- tearDown -->
      </class> <!-- com.studentapp.tests.MyFirstTest -->
    </test> <!-- Default test -->
  </suite> <!-- Default suite -->
</testng-results>
