<?xml version="1.0" encoding="UTF-8"?>
<testng-results skipped="0" failed="0" ignored="0" total="1" passed="1">
  <reporter-output>
  </reporter-output>
  <suite name="Default suite" duration-ms="2224" started-at="2021-05-05T16:09:01Z" finished-at="2021-05-05T16:09:03Z">
    <groups>
    </groups>
    <test name="Default test" duration-ms="2224" started-at="2021-05-05T16:09:01Z" finished-at="2021-05-05T16:09:03Z">
      <class name="com.studentapp.tests.DeleteStudentTest">
        <test-method status="PASS" signature="init()[pri:0, instance:com.studentapp.tests.DeleteStudentTest@45f45fa1]" name="init" is-config="true" duration-ms="617" started-at="2021-05-05T16:09:01Z" finished-at="2021-05-05T16:09:01Z">
          <reporter-output>
          </reporter-output>
        </test-method> <!-- init -->
        <test-method status="PASS" signature="deleteStudent()[pri:0, instance:com.studentapp.tests.DeleteStudentTest@45f45fa1]" name="deleteStudent" duration-ms="1564" started-at="2021-05-05T16:09:01Z" finished-at="2021-05-05T16:09:03Z">
          <reporter-output>
          </reporter-output>
        </test-method> <!-- deleteStudent -->
        <test-method status="PASS" signature="tearDown()[pri:0, instance:com.studentapp.tests.DeleteStudentTest@45f45fa1]" name="tearDown" is-config="true" duration-ms="0" started-at="2021-05-05T16:09:03Z" finished-at="2021-05-05T16:09:03Z">
          <reporter-output>
          </reporter-output>
        </test-method> <!-- tearDown -->
      </class> <!-- com.studentapp.tests.DeleteStudentTest -->
    </test> <!-- Default test -->
  </suite> <!-- Default suite -->
</testng-results>
